This is pdfTeX, Version 3.141592653-2.6-1.40.24 (TeX Live 2022) (preloaded format=pdflatex 2022.9.3)  3 MAY 2026 22:22
entering extended mode
 restricted \write18 enabled.
 file:line:error style messages enabled.
 %&-line parsing enabled.
**e:/_CurrentContent/01_work_repo/ZP_active/DP-Stoliar/TeX/DP.tex
(e:/_CurrentContent/01_work_repo/ZP_active/DP-Stoliar/TeX/DP.tex
LaTeX2e <2022-06-01> patch level 5
L3 programming layer <2022-08-30> (c:/texlive/2022/texmf-dist/tex/latex/base/article.cls
Document Class: article 2021/10/04 v1.4n Standard LaTeX document class
(c:/texlive/2022/texmf-dist/tex/latex/base/size10.clo
File: size10.clo 2021/10/04 v1.4n Standard LaTeX file (size option)
)
\c@part=\count185
\c@section=\count186
\c@subsection=\count187
\c@subsubsection=\count188
\c@paragraph=\count189
\c@subparagraph=\count190
\c@figure=\count191
\c@table=\count192
\abovecaptionskip=\skip47
\belowcaptionskip=\skip48
\bibindent=\dimen138
) (./COMMONFILES/preamble.tex (c:/texlive/2022/texmf-dist/tex/generic/babel/babel.sty
Package: babel 2022/08/29 3.79 The Babel package
\babel@savecnt=\count193
\U@D=\dimen139
\l@unhyphenated=\language87
 (c:/texlive/2022/texmf-dist/tex/generic/babel/txtbabel.def)
\bbl@readstream=\read2
\bbl@dirlevel=\count194
 (c:/texlive/2022/texmf-dist/tex/generic/babel-slovak/slovak.ldf
Language: slovak 2008/07/06 v3.1a Slovak support from the babel system
Package babel Info: Making ^ an active character on input line 123.
Package babel Info: Making " an active character on input line 126.
Package babel Info: Making ' an active character on input line 129.
\cs@wordlen=\count195
Package babel Info: Making - an active character on input line 294.
)) (c:/texlive/2022/texmf-dist/tex/generic/babel/locale/sk/babel-slovak.tex
Package babel Info: Importing font and identification data for slovak
(babel)             from babel-sk.ini. Reported on input line 11.
) (c:/texlive/2022/texmf-dist/tex/latex/base/inputenc.sty
Package: inputenc 2021/02/14 v1.3d Input encoding file
\inpenc@prehook=\toks16
\inpenc@posthook=\toks17
) (c:/texlive/2022/texmf-dist/tex/latex/base/fontenc.sty
Package: fontenc 2021/04/29 v2.0v Standard LaTeX package
) (c:/texlive/2022/texmf-dist/tex/latex/geometry/geometry.sty
Package: geometry 2020/01/02 v5.9 Page Geometry
 (c:/texlive/2022/texmf-dist/tex/latex/graphics/keyval.sty
Package: keyval 2022/05/29 v1.15 key=value parser (DPC)
\KV@toks@=\toks18
) (c:/texlive/2022/texmf-dist/tex/generic/iftex/ifvtex.sty
Package: ifvtex 2019/10/25 v1.7 ifvtex legacy package. Use iftex instead.
 (c:/texlive/2022/texmf-dist/tex/generic/iftex/iftex.sty
Package: iftex 2022/02/03 v1.0f TeX engine tests
))
\Gm@cnth=\count196
\Gm@cntv=\count197
\c@Gm@tempcnt=\count198
\Gm@bindingoffset=\dimen140
\Gm@wd@mp=\dimen141
\Gm@odd@mp=\dimen142
\Gm@even@mp=\dimen143
\Gm@layoutwidth=\dimen144
\Gm@layoutheight=\dimen145
\Gm@layouthoffset=\dimen146
\Gm@layoutvoffset=\dimen147
\Gm@dimlist=\toks19
) (c:/texlive/2022/texmf-dist/tex/latex/graphics/graphicx.sty
Package: graphicx 2021/09/16 v1.2d Enhanced LaTeX Graphics (DPC,SPQR)
 (c:/texlive/2022/texmf-dist/tex/latex/graphics/graphics.sty
Package: graphics 2022/03/10 v1.4e Standard LaTeX Graphics (DPC,SPQR)
 (c:/texlive/2022/texmf-dist/tex/latex/graphics/trig.sty
Package: trig 2021/08/11 v1.11 sin cos tan (DPC)
) (c:/texlive/2022/texmf-dist/tex/latex/graphics-cfg/graphics.cfg
File: graphics.cfg 2016/06/04 v1.11 sample graphics configuration
)
Package graphics Info: Driver file: pdftex.def on input line 107.
 (c:/texlive/2022/texmf-dist/tex/latex/graphics-def/pdftex.def
File: pdftex.def 2020/10/05 v1.2a Graphics/color driver for pdftex
))
\Gin@req@height=\dimen148
\Gin@req@width=\dimen149
) (c:/texlive/2022/texmf-dist/tex/latex/xcolor/xcolor.sty
Package: xcolor 2022/06/12 v2.14 LaTeX color extensions (UK)
 (c:/texlive/2022/texmf-dist/tex/latex/graphics-cfg/color.cfg
File: color.cfg 2016/01/02 v1.6 sample color configuration
)
Package xcolor Info: Driver file: pdftex.def on input line 227.
 (c:/texlive/2022/texmf-dist/tex/latex/graphics/mathcolor.ltx)
Package xcolor Info: Model `cmy' substituted by `cmy0' on input line 1353.
Package xcolor Info: Model `hsb' substituted by `rgb' on input line 1357.
Package xcolor Info: Model `RGB' extended on input line 1369.
Package xcolor Info: Model `HTML' substituted by `rgb' on input line 1371.
Package xcolor Info: Model `Hsb' substituted by `hsb' on input line 1372.
Package xcolor Info: Model `tHsb' substituted by `hsb' on input line 1373.
Package xcolor Info: Model `HSB' substituted by `hsb' on input line 1374.
Package xcolor Info: Model `Gray' substituted by `gray' on input line 1375.
Package xcolor Info: Model `wave' substituted by `hsb' on input line 1376.
 (c:/texlive/2022/texmf-dist/tex/latex/graphics/dvipsnam.def
File: dvipsnam.def 2016/06/17 v3.0m Driver-dependent file (DPC,SPQR)
)) (c:/texlive/2022/texmf-dist/tex/latex/lm/lmodern.sty
Package: lmodern 2015/05/01 v1.6.1 Latin Modern Fonts
LaTeX Font Info:    Overwriting symbol font `operators' in version `normal'
(Font)                  OT1/cmr/m/n --> OT1/lmr/m/n on input line 22.
LaTeX Font Info:    Overwriting symbol font `letters' in version `normal'
(Font)                  OML/cmm/m/it --> OML/lmm/m/it on input line 23.
LaTeX Font Info:    Overwriting symbol font `symbols' in version `normal'
(Font)                  OMS/cmsy/m/n --> OMS/lmsy/m/n on input line 24.
LaTeX Font Info:    Overwriting symbol font `largesymbols' in version `normal'
(Font)                  OMX/cmex/m/n --> OMX/lmex/m/n on input line 25.
LaTeX Font Info:    Overwriting symbol font `operators' in version `bold'
(Font)                  OT1/cmr/bx/n --> OT1/lmr/bx/n on input line 26.
LaTeX Font Info:    Overwriting symbol font `letters' in version `bold'
(Font)                  OML/cmm/b/it --> OML/lmm/b/it on input line 27.
LaTeX Font Info:    Overwriting symbol font `symbols' in version `bold'
(Font)                  OMS/cmsy/b/n --> OMS/lmsy/b/n on input line 28.
LaTeX Font Info:    Overwriting symbol font `largesymbols' in version `bold'
(Font)                  OMX/cmex/m/n --> OMX/lmex/m/n on input line 29.
LaTeX Font Info:    Overwriting math alphabet `\mathbf' in version `normal'
(Font)                  OT1/cmr/bx/n --> OT1/lmr/bx/n on input line 31.
LaTeX Font Info:    Overwriting math alphabet `\mathsf' in version `normal'
(Font)                  OT1/cmss/m/n --> OT1/lmss/m/n on input line 32.
LaTeX Font Info:    Overwriting math alphabet `\mathit' in version `normal'
(Font)                  OT1/cmr/m/it --> OT1/lmr/m/it on input line 33.
LaTeX Font Info:    Overwriting math alphabet `\mathtt' in version `normal'
(Font)                  OT1/cmtt/m/n --> OT1/lmtt/m/n on input line 34.
LaTeX Font Info:    Overwriting math alphabet `\mathbf' in version `bold'
(Font)                  OT1/cmr/bx/n --> OT1/lmr/bx/n on input line 35.
LaTeX Font Info:    Overwriting math alphabet `\mathsf' in version `bold'
(Font)                  OT1/cmss/bx/n --> OT1/lmss/bx/n on input line 36.
LaTeX Font Info:    Overwriting math alphabet `\mathit' in version `bold'
(Font)                  OT1/cmr/bx/it --> OT1/lmr/bx/it on input line 37.
LaTeX Font Info:    Overwriting math alphabet `\mathtt' in version `bold'
(Font)                  OT1/cmtt/m/n --> OT1/lmtt/m/n on input line 38.
) (c:/texlive/2022/texmf-dist/tex/latex/cfr-lm/cfr-lm.sty
Package: cfr-lm 2015/02/01 v1.5 cfr-lm for use with LatinModern v2.004
 (c:/texlive/2022/texmf-dist/tex/latex/xkeyval/xkeyval.sty
Package: xkeyval 2022/06/16 v2.9 package option processing (HA)
 (c:/texlive/2022/texmf-dist/tex/generic/xkeyval/xkeyval.tex (c:/texlive/2022/texmf-dist/tex/generic/xkeyval/xkvutils.tex
\XKV@toks=\toks20
\XKV@tempa@toks=\toks21
)
\XKV@depth=\count199
File: xkeyval.tex 2014/12/03 v2.7a key=value parser (HA)
)) (c:/texlive/2022/texmf-dist/tex/latex/base/fontenc.sty
Package: fontenc 2021/04/29 v2.0v Standard LaTeX package
LaTeX Font Info:    Trying to load font information for T1+lmr on input line 112.
 (c:/texlive/2022/texmf-dist/tex/latex/lm/t1lmr.fd
File: t1lmr.fd 2015/05/01 v1.6.1 Font defs for Latin Modern
)) (c:/texlive/2022/texmf-dist/tex/latex/base/textcomp.sty
Package: textcomp 2020/02/02 v2.0n Standard LaTeX package
) (c:/texlive/2022/texmf-dist/tex/latex/nfssext-cfr/nfssext-cfr.sty (c:/texlive/2022/texmf-dist/tex/latex/svn-prov/svn-prov.sty
Package: svn-prov 2010/04/24 v3.1862 Package Date/Version from SVN Keywords
)
Package: nfssext-cfr 2017/03/28 (SVN Rev: 6140){} specially mangled by cfr; based on 2003/03/14 v1.2 Experimental NFSS Extensions
 (c:/texlive/2022/texmf-dist/tex/latex/base/ifthen.sty
Package: ifthen 2022/04/13 v1.1d Standard LaTeX ifthen package (DPC)
)
\c@taken=\count266
LaTeX Info: Redefining \itshape on input line 515.
LaTeX Info: Redefining \scshape on input line 523.
LaTeX Info: Redefining \upshape on input line 537.
LaTeX Info: Redefining \swshape on input line 544.
LaTeX Info: Redefining \textsw on input line 553.
)
LaTeX Font Info:    Overwriting symbol font `operators' in version `normal'
(Font)                  OT1/lmr/m/n --> OT1/lmr/m/n on input line 180.
LaTeX Font Info:    Overwriting symbol font `letters' in version `normal'
(Font)                  OML/lmm/m/it --> OML/lmm/m/it on input line 181.
LaTeX Font Info:    Overwriting symbol font `symbols' in version `normal'
(Font)                  OMS/lmsy/m/n --> OMS/lmsy/m/n on input line 182.
LaTeX Font Info:    Overwriting symbol font `largesymbols' in version `normal'
(Font)                  OMX/lmex/m/n --> OMX/lmex/m/n on input line 183.
LaTeX Font Info:    Overwriting symbol font `operators' in version `bold'
(Font)                  OT1/lmr/bx/n --> OT1/lmr/bx/n on input line 184.
LaTeX Font Info:    Overwriting symbol font `letters' in version `bold'
(Font)                  OML/lmm/b/it --> OML/lmm/b/it on input line 185.
LaTeX Font Info:    Overwriting symbol font `symbols' in version `bold'
(Font)                  OMS/lmsy/b/n --> OMS/lmsy/b/n on input line 186.
LaTeX Font Info:    Overwriting symbol font `largesymbols' in version `bold'
(Font)                  OMX/lmex/m/n --> OMX/lmex/m/n on input line 187.
LaTeX Font Info:    Overwriting math alphabet `\mathbf' in version `normal'
(Font)                  OT1/lmr/bx/n --> OT1/lmr/bx/n on input line 194.
LaTeX Font Info:    Overwriting math alphabet `\mathsf' in version `normal'
(Font)                  OT1/lmss/m/n --> OT1/lmss/m/n on input line 195.
LaTeX Font Info:    Overwriting math alphabet `\mathit' in version `normal'
(Font)                  OT1/lmr/m/it --> OT1/lmr/m/it on input line 196.
LaTeX Font Info:    Overwriting math alphabet `\mathtt' in version `normal'
(Font)                  OT1/lmtt/m/n --> OT1/lmtt/m/n on input line 197.
LaTeX Font Info:    Overwriting math alphabet `\mathbf' in version `bold'
(Font)                  OT1/lmr/bx/n --> OT1/lmr/bx/n on input line 198.
LaTeX Font Info:    Overwriting math alphabet `\mathsf' in version `bold'
(Font)                  OT1/lmss/bx/n --> OT1/lmss/bx/n on input line 199.
LaTeX Font Info:    Overwriting math alphabet `\mathit' in version `bold'
(Font)                  OT1/lmr/bx/it --> OT1/lmr/bx/it on input line 200.
LaTeX Font Info:    Overwriting math alphabet `\mathtt' in version `bold'
(Font)                  OT1/lmtt/m/n --> OT1/lmtt/m/n on input line 201.
) (c:/texlive/2022/texmf-dist/tex/latex/amsmath/amsmath.sty
Package: amsmath 2022/04/08 v2.17n AMS math features
\@mathmargin=\skip49

For additional information on amsmath, use the `?' option.
(c:/texlive/2022/texmf-dist/tex/latex/amsmath/amstext.sty
Package: amstext 2021/08/26 v2.01 AMS text
 (c:/texlive/2022/texmf-dist/tex/latex/amsmath/amsgen.sty
File: amsgen.sty 1999/11/30 v2.0 generic functions
\@emptytoks=\toks22
\ex@=\dimen150
)) (c:/texlive/2022/texmf-dist/tex/latex/amsmath/amsbsy.sty
Package: amsbsy 1999/11/29 v1.2d Bold Symbols
\pmbraise@=\dimen151
) (c:/texlive/2022/texmf-dist/tex/latex/amsmath/amsopn.sty
Package: amsopn 2022/04/08 v2.04 operator names
)
\inf@bad=\count267
LaTeX Info: Redefining \frac on input line 234.
\uproot@=\count268
\leftroot@=\count269
LaTeX Info: Redefining \overline on input line 399.
LaTeX Info: Redefining \colon on input line 410.
\classnum@=\count270
\DOTSCASE@=\count271
LaTeX Info: Redefining \ldots on input line 496.
LaTeX Info: Redefining \dots on input line 499.
LaTeX Info: Redefining \cdots on input line 620.
\Mathstrutbox@=\box51
\strutbox@=\box52
LaTeX Info: Redefining \big on input line 722.
LaTeX Info: Redefining \Big on input line 723.
LaTeX Info: Redefining \bigg on input line 724.
LaTeX Info: Redefining \Bigg on input line 725.
\big@size=\dimen152
LaTeX Font Info:    Redeclaring font encoding OML on input line 743.
LaTeX Font Info:    Redeclaring font encoding OMS on input line 744.
\macc@depth=\count272
LaTeX Info: Redefining \bmod on input line 905.
LaTeX Info: Redefining \pmod on input line 910.
LaTeX Info: Redefining \smash on input line 940.
LaTeX Info: Redefining \relbar on input line 970.
LaTeX Info: Redefining \Relbar on input line 971.
\c@MaxMatrixCols=\count273
\dotsspace@=\muskip16
\c@parentequation=\count274
\dspbrk@lvl=\count275
\tag@help=\toks23
\row@=\count276
\column@=\count277
\maxfields@=\count278
\andhelp@=\toks24
\eqnshift@=\dimen153
\alignsep@=\dimen154
\tagshift@=\dimen155
\tagwidth@=\dimen156
\totwidth@=\dimen157
\lineht@=\dimen158
\@envbody=\toks25
\multlinegap=\skip50
\multlinetaggap=\skip51
\mathdisplay@stack=\toks26
LaTeX Info: Redefining \[ on input line 2953.
LaTeX Info: Redefining \] on input line 2954.
) (c:/texlive/2022/texmf-dist/tex/latex/amsfonts/amssymb.sty
Package: amssymb 2013/01/14 v3.01 AMS font symbols
 (c:/texlive/2022/texmf-dist/tex/latex/amsfonts/amsfonts.sty
Package: amsfonts 2013/01/14 v3.01 Basic AMSFonts support
\symAMSa=\mathgroup4
\symAMSb=\mathgroup5
LaTeX Font Info:    Redeclaring math symbol \hbar on input line 98.
LaTeX Font Info:    Overwriting math alphabet `\mathfrak' in version `bold'
(Font)                  U/euf/m/n --> U/euf/b/n on input line 106.
)) (c:/texlive/2022/texmf-dist/tex/latex/amscls/amsthm.sty
Package: amsthm 2020/05/29 v2.20.6
\thm@style=\toks27
\thm@bodyfont=\toks28
\thm@headfont=\toks29
\thm@notefont=\toks30
\thm@headpunct=\toks31
\thm@preskip=\skip52
\thm@postskip=\skip53
\thm@headsep=\skip54
\dth@everypar=\toks32
) (c:/texlive/2022/texmf-dist/tex/latex/booktabs/booktabs.sty
Package: booktabs 2020/01/12 v1.61803398 Publication quality tables
\heavyrulewidth=\dimen159
\lightrulewidth=\dimen160
\cmidrulewidth=\dimen161
\belowrulesep=\dimen162
\belowbottomsep=\dimen163
\aboverulesep=\dimen164
\abovetopsep=\dimen165
\cmidrulesep=\dimen166
\cmidrulekern=\dimen167
\defaultaddspace=\dimen168
\@cmidla=\count279
\@cmidlb=\count280
\@aboverulesep=\dimen169
\@belowrulesep=\dimen170
\@thisruleclass=\count281
\@lastruleclass=\count282
\@thisrulewidth=\dimen171
) (c:/texlive/2022/texmf-dist/tex/latex/multirow/multirow.sty
Package: multirow 2021/03/15 v2.8 Span multiple rows of a table
\multirow@colwidth=\skip55
\multirow@cntb=\count283
\multirow@dima=\skip56
\bigstrutjot=\dimen172
) (c:/texlive/2022/texmf-dist/tex/latex/tools/array.sty
Package: array 2022/03/10 v2.5f Tabular extension package (FMi)
\col@sep=\dimen173
\ar@mcellbox=\box53
\extrarowheight=\dimen174
\NC@list=\toks33
\extratabsurround=\skip57
\backup@length=\skip58
\ar@cellbox=\box54
) (c:/texlive/2022/texmf-dist/tex/latex/tools/dcolumn.sty
Package: dcolumn 2014/10/28 v1.06 decimal alignment package (DPC)
) (c:/texlive/2022/texmf-dist/tex/latex/tools/longtable.sty
Package: longtable 2021-09-01 v4.17 Multi-page Table package (DPC)
\LTleft=\skip59
\LTright=\skip60
\LTpre=\skip61
\LTpost=\skip62
\LTchunksize=\count284
\LTcapwidth=\dimen175
\LT@head=\box55
\LT@firsthead=\box56
\LT@foot=\box57
\LT@lastfoot=\box58
\LT@gbox=\box59
\LT@cols=\count285
\LT@rows=\count286
\c@LT@tables=\count287
\c@LT@chunks=\count288
\LT@p@ftn=\toks34
) (c:/texlive/2022/texmf-dist/tex/latex/fancyhdr/fancyhdr.sty
Package: fancyhdr 2022/05/18 v4.0.3 Extensive control of page headers and footers
\f@nch@headwidth=\skip63
\f@nch@O@elh=\skip64
\f@nch@O@erh=\skip65
\f@nch@O@olh=\skip66
\f@nch@O@orh=\skip67
\f@nch@O@elf=\skip68
\f@nch@O@erf=\skip69
\f@nch@O@olf=\skip70
\f@nch@O@orf=\skip71
) (c:/texlive/2022/texmf-dist/tex/latex/titlesec/titlesec.sty
Package: titlesec 2021/07/05 v2.14 Sectioning titles
\ttl@box=\box60
\beforetitleunit=\skip72
\aftertitleunit=\skip73
\ttl@plus=\dimen176
\ttl@minus=\dimen177
\ttl@toksa=\toks35
\titlewidth=\dimen178
\titlewidthlast=\dimen179
\titlewidthfirst=\dimen180
) (c:/texlive/2022/texmf-dist/tex/latex/hyperref/hyperref.sty
Package: hyperref 2022-06-20 v7.00s Hypertext links for LaTeX
 (c:/texlive/2022/texmf-dist/tex/generic/ltxcmds/ltxcmds.sty
Package: ltxcmds 2020-05-10 v1.25 LaTeX kernel commands for general use (HO)
) (c:/texlive/2022/texmf-dist/tex/generic/pdftexcmds/pdftexcmds.sty
Package: pdftexcmds 2020-06-27 v0.33 Utility functions of pdfTeX for LuaTeX (HO)
 (c:/texlive/2022/texmf-dist/tex/generic/infwarerr/infwarerr.sty
Package: infwarerr 2019/12/03 v1.5 Providing info/warning/error messages (HO)
)
Package pdftexcmds Info: \pdf@primitive is available.
Package pdftexcmds Info: \pdf@ifprimitive is available.
Package pdftexcmds Info: \pdfdraftmode found.
) (c:/texlive/2022/texmf-dist/tex/generic/kvsetkeys/kvsetkeys.sty
Package: kvsetkeys 2019/12/15 v1.18 Key value parser (HO)
) (c:/texlive/2022/texmf-dist/tex/generic/kvdefinekeys/kvdefinekeys.sty
Package: kvdefinekeys 2019-12-19 v1.6 Define keys (HO)
) (c:/texlive/2022/texmf-dist/tex/generic/pdfescape/pdfescape.sty
Package: pdfescape 2019/12/09 v1.15 Implements pdfTeX's escape features (HO)
) (c:/texlive/2022/texmf-dist/tex/latex/hycolor/hycolor.sty
Package: hycolor 2020-01-27 v1.10 Color options for hyperref/bookmark (HO)
) (c:/texlive/2022/texmf-dist/tex/latex/letltxmacro/letltxmacro.sty
Package: letltxmacro 2019/12/03 v1.6 Let assignment for LaTeX macros (HO)
) (c:/texlive/2022/texmf-dist/tex/latex/auxhook/auxhook.sty
Package: auxhook 2019-12-17 v1.6 Hooks for auxiliary files (HO)
) (c:/texlive/2022/texmf-dist/tex/latex/hyperref/nameref.sty
Package: nameref 2022-05-17 v2.50 Cross-referencing by name of section
 (c:/texlive/2022/texmf-dist/tex/latex/refcount/refcount.sty
Package: refcount 2019/12/15 v3.6 Data extraction from label references (HO)
) (c:/texlive/2022/texmf-dist/tex/generic/gettitlestring/gettitlestring.sty
Package: gettitlestring 2019/12/15 v1.6 Cleanup title references (HO)
 (c:/texlive/2022/texmf-dist/tex/latex/kvoptions/kvoptions.sty
Package: kvoptions 2022-06-15 v3.15 Key value format for package options (HO)
))
\c@section@level=\count289
)
\@linkdim=\dimen181
\Hy@linkcounter=\count290
\Hy@pagecounter=\count291
 (c:/texlive/2022/texmf-dist/tex/latex/hyperref/pd1enc.def
File: pd1enc.def 2022-06-20 v7.00s Hyperref: PDFDocEncoding definition (HO)
Now handling font encoding PD1 ...
... no UTF-8 mapping file for font encoding PD1
) (c:/texlive/2022/texmf-dist/tex/generic/intcalc/intcalc.sty
Package: intcalc 2019/12/15 v1.3 Expandable calculations with integers (HO)
) (c:/texlive/2022/texmf-dist/tex/generic/etexcmds/etexcmds.sty
Package: etexcmds 2019/12/15 v1.7 Avoid name clashes with e-TeX commands (HO)
)
\Hy@SavedSpaceFactor=\count292
 (c:/texlive/2022/texmf-dist/tex/latex/hyperref/puenc.def
File: puenc.def 2022-06-20 v7.00s Hyperref: PDF Unicode definition (HO)
Now handling font encoding PU ...
... no UTF-8 mapping file for font encoding PU
)
Package hyperref Info: Option `colorlinks' set `false' on input line 4045.
Package hyperref Info: Option `breaklinks' set `true' on input line 4045.
Package hyperref Info: Hyper figures OFF on input line 4162.
Package hyperref Info: Link nesting OFF on input line 4167.
Package hyperref Info: Hyper index ON on input line 4170.
Package hyperref Info: Plain pages OFF on input line 4177.
Package hyperref Info: Backreferencing OFF on input line 4182.
Package hyperref Info: Implicit mode ON; LaTeX internals redefined.
Package hyperref Info: Bookmarks ON on input line 4408.
\c@Hy@tempcnt=\count293
 (c:/texlive/2022/texmf-dist/tex/latex/url/url.sty
\Urlmuskip=\muskip17
Package: url 2013/09/16  ver 3.4  Verb mode for urls, etc.
)
LaTeX Info: Redefining \url on input line 4746.
\XeTeXLinkMargin=\dimen182
 (c:/texlive/2022/texmf-dist/tex/generic/bitset/bitset.sty
Package: bitset 2019/12/09 v1.3 Handle bit-vector datatype (HO)
 (c:/texlive/2022/texmf-dist/tex/generic/bigintcalc/bigintcalc.sty
Package: bigintcalc 2019/12/15 v1.5 Expandable calculations on big integers (HO)
))
\Fld@menulength=\count294
\Field@Width=\dimen183
\Fld@charsize=\dimen184
Package hyperref Info: Hyper figures OFF on input line 6024.
Package hyperref Info: Link nesting OFF on input line 6029.
Package hyperref Info: Hyper index ON on input line 6032.
Package hyperref Info: backreferencing OFF on input line 6039.
Package hyperref Info: Link coloring OFF on input line 6044.
Package hyperref Info: Link coloring with OCG OFF on input line 6049.
Package hyperref Info: PDF/A mode OFF on input line 6054.
 (c:/texlive/2022/texmf-dist/tex/latex/base/atbegshi-ltx.sty
Package: atbegshi-ltx 2021/01/10 v1.0c Emulation of the original atbegshi
package with kernel methods
)
\Hy@abspage=\count295
\c@Item=\count296
\c@Hfootnote=\count297
)
Package hyperref Info: Driver (autodetected): hpdftex.
 (c:/texlive/2022/texmf-dist/tex/latex/hyperref/hpdftex.def
File: hpdftex.def 2022-06-20 v7.00s Hyperref driver for pdfTeX
 (c:/texlive/2022/texmf-dist/tex/latex/base/atveryend-ltx.sty
Package: atveryend-ltx 2020/08/19 v1.0a Emulation of the original atveryend package
with kernel methods
)
\Fld@listcount=\count298
\c@bookmark@seq@number=\count299
 (c:/texlive/2022/texmf-dist/tex/latex/rerunfilecheck/rerunfilecheck.sty
Package: rerunfilecheck 2022-07-10 v1.10 Rerun checks for auxiliary files (HO)
 (c:/texlive/2022/texmf-dist/tex/generic/uniquecounter/uniquecounter.sty
Package: uniquecounter 2019/12/15 v1.4 Provide unlimited unique counter (HO)
)
Package uniquecounter Info: New unique counter `rerunfilecheck' on input line 285.
)
\Hy@SectionHShift=\skip74
) (c:/texlive/2022/texmf-dist/tex/latex/enumitem/enumitem.sty
Package: enumitem 2019/06/20 v3.9 Customized lists
\labelindent=\skip75
\enit@outerparindent=\dimen185
\enit@toks=\toks36
\enit@inbox=\box61
\enit@count@id=\count300
\enitdp@description=\count301
) (c:/texlive/2022/texmf-dist/tex/latex/lettrine/lettrine.sty
File: lettrine.sty 2020-03-14 v2.23 (Daniel Flipo)
 (c:/texlive/2022/texmf-dist/tex/generic/minifp/minifp.sty
Package: minifp 2013/12/30 v0.96. Macros for real number operations and a stack-based programing language.
\MFP@loopctr=\count302
)
\c@DefaultLines=\count303
\c@DefaultDepth=\count304
\DefaultFindent=\dimen186
\DefaultNindent=\dimen187
\DefaultSlope=\dimen188
\DiscardVskip=\dimen189
\L@lbox=\box62
\L@tbox=\box63
\c@L@lines=\count305
\c@L@depth=\count306
\L@Pindent=\dimen190
\L@Findent=\dimen191
\L@Nindent=\dimen192
\L@lraise=\dimen193
\L@first=\dimen194
\L@next=\dimen195
\L@slope=\dimen196
\L@height=\dimen197
\L@novskip=\dimen198
\L@target@ht=\dimen199
\L@target@dp=\dimen256
\L@target@tht=\dimen257
\LettrineWidth=\dimen258
\LettrineHeight=\dimen259
\LettrineDepth=\dimen260
\Llist@everypar=\toks37

Loading lettrine.cfg
(c:/texlive/2022/texmf-dist/tex/latex/lettrine/lettrine.cfg)) (c:/texlive/2022/texmf-dist/tex/latex/setspace/setspace.sty
Package: setspace 2011/12/19 v6.7a set line spacing
) (c:/texlive/2022/texmf-dist/tex/latex/lastpage/lastpage.sty
Package: lastpage 2021/09/03 v1.2n Refers to last page's name (HMM; JPG)
) (c:/texlive/2022/texmf-dist/tex/latex/microtype/microtype.sty
Package: microtype 2022/06/23 v3.0f Micro-typographical refinements (RS)
 (c:/texlive/2022/texmf-dist/tex/latex/etoolbox/etoolbox.sty
Package: etoolbox 2020/10/05 v2.5k e-TeX tools for LaTeX (JAW)
\etb@tempcnta=\count307
)
\MT@toks=\toks38
\MT@tempbox=\box64
\MT@count=\count308
LaTeX Info: Redefining \noprotrusionifhmode on input line 1045.
LaTeX Info: Redefining \leftprotrusion on input line 1046.
LaTeX Info: Redefining \rightprotrusion on input line 1056.
LaTeX Info: Redefining \textls on input line 1234.
\MT@outer@kern=\dimen261
LaTeX Info: Redefining \textmicrotypecontext on input line 1858.
\MT@listname@count=\count309
 (c:/texlive/2022/texmf-dist/tex/latex/microtype/microtype-pdftex.def
File: microtype-pdftex.def 2022/06/23 v3.0f Definitions specific to pdftex (RS)
LaTeX Info: Redefining \lsstyle on input line 900.
LaTeX Info: Redefining \lslig on input line 900.
\MT@outer@space=\skip76
)
Package microtype Info: Loading configuration file microtype.cfg.
 (c:/texlive/2022/texmf-dist/tex/latex/microtype/microtype.cfg
File: microtype.cfg 2022/06/23 v3.0f microtype main configuration file (RS)
)) (c:/texlive/2022/texmf-dist/tex/latex/caption/caption.sty
Package: caption 2022/03/01 v3.6b Customizing captions (AR)
 (c:/texlive/2022/texmf-dist/tex/latex/caption/caption3.sty
Package: caption3 2022/03/17 v2.3b caption3 kernel (AR)
\caption@tempdima=\dimen262
\captionmargin=\dimen263
\caption@leftmargin=\dimen264
\caption@rightmargin=\dimen265
\caption@width=\dimen266
\caption@indent=\dimen267
\caption@parindent=\dimen268
\caption@hangindent=\dimen269
Package caption Info: Standard document class detected.
)
\c@caption@flags=\count310
\c@continuedfloat=\count311
Package caption Info: hyperref package is loaded.
Package caption Info: longtable package is loaded.
 (c:/texlive/2022/texmf-dist/tex/latex/caption/ltcaption.sty
Package: ltcaption 2021/01/08 v1.4c longtable captions (AR)
)) (c:/texlive/2022/texmf-dist/tex/latex/listings/listings.sty
\lst@mode=\count312
\lst@gtempboxa=\box65
\lst@token=\toks39
\lst@length=\count313
\lst@currlwidth=\dimen270
\lst@column=\count314
\lst@pos=\count315
\lst@lostspace=\dimen271
\lst@width=\dimen272
\lst@newlines=\count316
\lst@lineno=\count317
\lst@maxwidth=\dimen273
 (c:/texlive/2022/texmf-dist/tex/latex/listings/lstmisc.sty
File: lstmisc.sty 2020/03/24 1.8d (Carsten Heinz)
\c@lstnumber=\count318
\lst@skipnumbers=\count319
\lst@framebox=\box66
) (c:/texlive/2022/texmf-dist/tex/latex/listings/listings.cfg
File: listings.cfg 2020/03/24 1.8d listings configuration
))
Package: listings 2020/03/24 1.8d (Carsten Heinz)
 (c:/texlive/2022/texmf-dist/tex/latex/listings/lstlang1.sty
File: lstlang1.sty 2020/03/24 1.8d listings language file
))
LaTeX Font Info:    Trying to load font information for T1+clm2 on input line 5.
 (c:/texlive/2022/texmf-dist/tex/latex/cfr-lm/t1clm2.fd
File: t1clm2.fd 2010/05/25 Fontinst v1.933 font definitions for T1/clm2.
) (c:/texlive/2022/texmf-dist/tex/latex/l3backend/l3backend-pdftex.def
File: l3backend-pdftex.def 2022-08-30 L3 backend support: PDF output (pdfTeX)
\l__color_backend_stack_int=\count320
\l__pdf_internal_box=\box67
) (./DP.aux)
\openout1 = `DP.aux'.

LaTeX Font Info:    Checking defaults for OML/lmm/m/it on input line 5.
LaTeX Font Info:    Trying to load font information for OML+lmm on input line 5.
 (c:/texlive/2022/texmf-dist/tex/latex/lm/omllmm.fd
File: omllmm.fd 2015/05/01 v1.6.1 Font defs for Latin Modern
)
LaTeX Font Info:    ... okay on input line 5.
LaTeX Font Info:    Checking defaults for OMS/lmsy/m/n on input line 5.
LaTeX Font Info:    Trying to load font information for OMS+lmsy on input line 5.
 (c:/texlive/2022/texmf-dist/tex/latex/lm/omslmsy.fd
File: omslmsy.fd 2015/05/01 v1.6.1 Font defs for Latin Modern
)
LaTeX Font Info:    ... okay on input line 5.
LaTeX Font Info:    Checking defaults for OT1/lmr/m/n on input line 5.
LaTeX Font Info:    Trying to load font information for OT1+lmr on input line 5.
 (c:/texlive/2022/texmf-dist/tex/latex/lm/ot1lmr.fd
File: ot1lmr.fd 2015/05/01 v1.6.1 Font defs for Latin Modern
)
LaTeX Font Info:    ... okay on input line 5.
LaTeX Font Info:    Checking defaults for T1/cmr/m/n on input line 5.
LaTeX Font Info:    ... okay on input line 5.
LaTeX Font Info:    Checking defaults for TS1/cmr/m/n on input line 5.
LaTeX Font Info:    ... okay on input line 5.
LaTeX Font Info:    Checking defaults for OMX/lmex/m/n on input line 5.
LaTeX Font Info:    Trying to load font information for OMX+lmex on input line 5.
 (c:/texlive/2022/texmf-dist/tex/latex/lm/omxlmex.fd
File: omxlmex.fd 2015/05/01 v1.6.1 Font defs for Latin Modern
)
LaTeX Font Info:    ... okay on input line 5.
LaTeX Font Info:    Checking defaults for U/cmr/m/n on input line 5.
LaTeX Font Info:    ... okay on input line 5.
LaTeX Font Info:    Checking defaults for PD1/pdf/m/n on input line 5.
LaTeX Font Info:    ... okay on input line 5.
LaTeX Font Info:    Checking defaults for PU/pdf/m/n on input line 5.
LaTeX Font Info:    ... okay on input line 5.

*geometry* driver: auto-detecting
*geometry* detected driver: pdftex
*geometry* verbose mode - [ preamble ] result:
* driver: pdftex
* paper: a4paper
* layout: <same size as paper>
* layoutoffset:(h,v)=(0.0pt,0.0pt)
* modes: twoside 
* h-part:(L,W,R)=(113.81102pt, 369.88583pt, 113.81102pt)
* v-part:(T,H,B)=(73.97733pt, 691.40172pt, 79.6678pt)
* \paperwidth=597.50787pt
* \paperheight=845.04684pt
* \textwidth=369.88583pt
* \textheight=691.40172pt
* \oddsidemargin=41.54103pt
* \evensidemargin=41.54103pt
* \topmargin=-35.29266pt
* \headheight=12.0pt
* \headsep=25.0pt
* \topskip=10.0pt
* \footskip=28.45274pt
* \marginparwidth=85.35826pt
* \marginparsep=11.0pt
* \columnsep=10.0pt
* \skip\footins=9.0pt plus 4.0pt minus 2.0pt
* \hoffset=0.0pt
* \voffset=0.0pt
* \mag=1000
* \@twocolumnfalse
* \@twosidetrue
* \@mparswitchtrue
* \@reversemarginfalse
* (1in=72.27pt=25.4mm, 1cm=28.453pt)

(c:/texlive/2022/texmf-dist/tex/context/base/mkii/supp-pdf.mkii
[Loading MPS to PDF converter (version 2006.09.02).]
\scratchcounter=\count321
\scratchdimen=\dimen274
\scratchbox=\box68
\nofMPsegments=\count322
\nofMParguments=\count323
\everyMPshowfont=\toks40
\MPscratchCnt=\count324
\MPscratchDim=\dimen275
\MPnumerator=\count325
\makeMPintoPDFobject=\count326
\everyMPtoPDFconversion=\toks41
) (c:/texlive/2022/texmf-dist/tex/latex/epstopdf-pkg/epstopdf-base.sty
Package: epstopdf-base 2020-01-24 v2.11 Base part for package epstopdf
Package epstopdf-base Info: Redefining graphics rule for `.eps' on input line 485.
 (c:/texlive/2022/texmf-dist/tex/latex/latexconfig/epstopdf-sys.cfg
File: epstopdf-sys.cfg 2010/07/13 v1.3 Configuration of (r)epstopdf for TeX Live
))
Package hyperref Info: Link coloring OFF on input line 5.
 (./DP.out) (./DP.out)
\@outlinefile=\write3
\openout3 = `DP.out'.

Package lastpage Info: Please have a look at the pageslts package at
(lastpage)             https://www.ctan.org/pkg/pageslts
(lastpage)             ! on input line 5.
LaTeX Info: Redefining \microtypecontext on input line 5.


Package microtype Warning: Unable to apply patch `item' on input line 5.

Package microtype Info: Applying patch `toc' on input line 5.
Package microtype Info: Applying patch `eqnum' on input line 5.

Package microtype Warning: Unable to apply patch `footnote' on input line 5.

Package microtype Info: Generating PDF output.
Package microtype Info: Character protrusion enabled (level 2).
Package microtype Info: Using default protrusion set `alltext'.
Package microtype Info: Automatic font expansion enabled (level 2),
(microtype)             stretch: 20, shrink: 20, step: 1, non-selected.
Package microtype Info: Using default expansion set `alltext-nott'.
LaTeX Info: Redefining \showhyphens on input line 5.
Package microtype Info: No adjustment of tracking.
Package microtype Info: No adjustment of interword spacing.
Package microtype Info: No adjustment of character kerning.
(c:/texlive/2022/texmf-dist/tex/latex/microtype/mt-cmr.cfg
File: mt-cmr.cfg 2013/05/19 v2.2 microtype config. file: Computer Modern Roman (RS)
)
Package caption Info: Begin \AtBeginDocument code.
Package caption Info: listings package is loaded.
Package caption Info: End \AtBeginDocument code.
\c@lstlisting=\count327
LaTeX Font Info:    Calculating math sizes for size <11> on input line 54.
LaTeX Font Info:    External font `lmex10' loaded for size
(Font)              <11> on input line 54.
LaTeX Font Info:    External font `lmex10' loaded for size
(Font)              <7.69997> on input line 54.
LaTeX Font Info:    External font `lmex10' loaded for size
(Font)              <5.5> on input line 54.
LaTeX Font Info:    Trying to load font information for U+msa on input line 54.
 (c:/texlive/2022/texmf-dist/tex/latex/amsfonts/umsa.fd
File: umsa.fd 2013/01/14 v3.01 AMS symbols A
) (c:/texlive/2022/texmf-dist/tex/latex/microtype/mt-msa.cfg
File: mt-msa.cfg 2006/02/04 v1.1 microtype config. file: AMS symbols (a) (RS)
)
LaTeX Font Info:    Trying to load font information for U+msb on input line 54.
 (c:/texlive/2022/texmf-dist/tex/latex/amsfonts/umsb.fd
File: umsb.fd 2013/01/14 v3.01 AMS symbols B
) (c:/texlive/2022/texmf-dist/tex/latex/microtype/mt-msb.cfg
File: mt-msb.cfg 2005/06/01 v1.0 microtype config. file: AMS symbols (b) (RS)
) [1

{c:/texlive/2022/texmf-var/fonts/map/pdftex/updmap/pdftex.map}]
*geometry* verbose mode - [ newgeometry ] result:
* driver: pdftex
* paper: a4paper
* layout: <same size as paper>
* layoutoffset:(h,v)=(0.0pt,0.0pt)
* modes: 
* h-part:(L,W,R)=(0.0pt, 597.50787pt, 0.0pt)
* v-part:(T,H,B)=(0.0pt, 845.04684pt, 0.0pt)
* \paperwidth=597.50787pt
* \paperheight=845.04684pt
* \textwidth=597.50787pt
* \textheight=845.04684pt
* \oddsidemargin=-72.26999pt
* \evensidemargin=-72.26999pt
* \topmargin=-109.26999pt
* \headheight=12.0pt
* \headsep=25.0pt
* \topskip=10.0pt
* \footskip=28.45274pt
* \marginparwidth=85.35826pt
* \marginparsep=11.0pt
* \columnsep=10.0pt
* \skip\footins=9.0pt plus 4.0pt minus 2.0pt
* \hoffset=0.0pt
* \voffset=0.0pt
* \mag=1000
* \@twocolumnfalse
* \@twosidefalse
* \@mparswitchfalse
* \@reversemarginfalse
* (1in=72.27pt=25.4mm, 1cm=28.453pt)

<../zadanieDP/zadanieDP.pdf, id=236, 597.51233pt x 845.0471pt>
File: ../zadanieDP/zadanieDP.pdf Graphic file (type pdf)
<use ../zadanieDP/zadanieDP.pdf>
Package pdftex.def Info: ../zadanieDP/zadanieDP.pdf  used on input line 97.
(pdftex.def)             Requested size: 569.05511pt x 804.81462pt.
 [2

 <../zadanieDP/zadanieDP.pdf>]
LaTeX Font Info:    Trying to load font information for T1+clm2s on input line 127.
 (c:/texlive/2022/texmf-dist/tex/latex/cfr-lm/t1clm2s.fd
File: t1clm2s.fd 2015/02/01 Fontinst v1.933 font definitions for T1/clm2s.
)
LaTeX Font Info:    Font shape `T1/clm2s/b/n' in size <10> not available
(Font)              Font shape `T1/clm2s/bx/n' tried instead on input line 127.
LaTeX Font Info:    Font shape `T1/clm2s/b/n' in size <14.4> not available
(Font)              Font shape `T1/clm2s/bx/n' tried instead on input line 127.
 [3

] (./chapters/anotacia.tex
LaTeX Font Info:    External font `lmex10' loaded for size
(Font)              <10> on input line 17.
LaTeX Font Info:    External font `lmex10' loaded for size
(Font)              <7> on input line 17.
LaTeX Font Info:    External font `lmex10' loaded for size
(Font)              <5> on input line 17.
) [4] (./chapters/abstract.tex) [5] (./DP.toc
LaTeX Font Info:    Font shape `T1/clm2/b/n' in size <10> not available
(Font)              Font shape `T1/clm2/bx/n' tried instead on input line 2.
 [6])
\tf@toc=\write4
\openout4 = `DP.toc'.

 [7] (./chapters/uvod.tex) (./chapters/section1.tex [8]
LaTeX Font Info:    Font shape `T1/clm2s/b/n' in size <12> not available
(Font)              Font shape `T1/clm2s/bx/n' tried instead on input line 15.
<../SCH/DRAW/URO_scheme.pdf, id=354, 369.88583pt x 99.58464pt>
File: ../SCH/DRAW/URO_scheme.pdf Graphic file (type pdf)
<use ../SCH/DRAW/URO_scheme.pdf>
Package pdftex.def Info: ../SCH/DRAW/URO_scheme.pdf  used on input line 96.
(pdftex.def)             Requested size: 369.88583pt x 99.58589pt.
 [9]
Package hyperref Info: bookmark level for unknown lstlisting defaults to 0 on input line 166.
LaTeX Font Info:    Trying to load font information for T1+lmtt on input line 166.
 (c:/texlive/2022/texmf-dist/tex/latex/lm/t1lmtt.fd
File: t1lmtt.fd 2015/05/01 v1.6.1 Font defs for Latin Modern
)
Package microtype Info: Loading generic protrusion settings for font family
(microtype)             `lmtt' (encoding: T1).
(microtype)             For optimal results, create family-specific settings.
(microtype)             See the microtype manual for details.
 [10 <../SCH/DRAW/URO_scheme.pdf>]
LaTeX Font Info:    Trying to load font information for TS1+lmtt on input line 171.
 (c:/texlive/2022/texmf-dist/tex/latex/lm/ts1lmtt.fd
File: ts1lmtt.fd 2015/05/01 v1.6.1 Font defs for Latin Modern
)
Package microtype Info: Loading generic protrusion settings for font family
(microtype)             `lmtt' (encoding: TS1).
(microtype)             For optimal results, create family-specific settings.
(microtype)             See the microtype manual for details.
Package microtype Info: Character `texttrademark ' is missing
(microtype)             in font `TS1/lmtt/m/n/8.5'.
(microtype)             Ignoring protrusion settings for this character.
 [11]) (./chapters/section2.tex
<../SVG//TS_sch3_foto.pdf, id=425, 455.2441pt x 241.84843pt>
File: ../SVG//TS_sch3_foto.pdf Graphic file (type pdf)
<use ../SVG//TS_sch3_foto.pdf>
Package pdftex.def Info: ../SVG//TS_sch3_foto.pdf  used on input line 47.
(pdftex.def)             Requested size: 426.79134pt x 226.74341pt.
 [12

 <../SVG//TS_sch3_foto.pdf>]
<../PY/fig//ts_prevodova_spirala.png, id=443, 560.3334pt x 170.67764pt>
File: ../PY/fig//ts_prevodova_spirala.png Graphic file (type png)
<use ../PY/fig//ts_prevodova_spirala.png>
Package pdftex.def Info: ../PY/fig//ts_prevodova_spirala.png  used on input line 92.
(pdftex.def)             Requested size: 560.33203pt x 170.6772pt.
<../PY/fig//ts_prevodova_sensors3.png, id=450, 560.3334pt x 204.765pt>
File: ../PY/fig//ts_prevodova_sensors3.png Graphic file (type png)
<use ../PY/fig//ts_prevodova_sensors3.png>
Package pdftex.def Info: ../PY/fig//ts_prevodova_sensors3.png  used on input line 159.
(pdftex.def)             Requested size: 560.33203pt x 204.76448pt.
<../PY/fig//ts_prevodova_sensors6.png, id=451, 560.3334pt x 204.765pt>
File: ../PY/fig//ts_prevodova_sensors6.png Graphic file (type png)
<use ../PY/fig//ts_prevodova_sensors6.png>
Package pdftex.def Info: ../PY/fig//ts_prevodova_sensors6.png  used on input line 180.
(pdftex.def)             Requested size: 560.33203pt x 204.76448pt.
<../PY/fig//ts_prevodova_sensors9.png, id=452, 560.3334pt x 204.765pt>
File: ../PY/fig//ts_prevodova_sensors9.png Graphic file (type png)
<use ../PY/fig//ts_prevodova_sensors9.png>
Package pdftex.def Info: ../PY/fig//ts_prevodova_sensors9.png  used on input line 198.
(pdftex.def)             Requested size: 560.33203pt x 204.76448pt.


LaTeX Warning: `!h' float specifier changed to `!ht'.

<../PY/fig//ts_static_sensors3.png, id=453, 560.3334pt x 184.89075pt>
File: ../PY/fig//ts_static_sensors3.png Graphic file (type png)
<use ../PY/fig//ts_static_sensors3.png>
Package pdftex.def Info: ../PY/fig//ts_static_sensors3.png  used on input line 224.
(pdftex.def)             Requested size: 560.33203pt x 184.89027pt.
<../PY/fig//ts_static_sensors6.png, id=454, 560.3334pt x 184.89075pt>
File: ../PY/fig//ts_static_sensors6.png Graphic file (type png)
<use ../PY/fig//ts_static_sensors6.png>
Package pdftex.def Info: ../PY/fig//ts_static_sensors6.png  used on input line 245.
(pdftex.def)             Requested size: 560.33203pt x 184.89027pt.
<../PY/fig//ts_static_sensors9.png, id=455, 560.3334pt x 184.89075pt>
File: ../PY/fig//ts_static_sensors9.png Graphic file (type png)
<use ../PY/fig//ts_static_sensors9.png>
Package pdftex.def Info: ../PY/fig//ts_static_sensors9.png  used on input line 263.
(pdftex.def)             Requested size: 560.33203pt x 184.89027pt.

LaTeX Warning: `!h' float specifier changed to `!ht'.

[13 <../PY/fig//ts_prevodova_spirala.png>]

LaTeX Warning: Text page 14 contains only floats.

[14 <../PY/fig//ts_prevodova_sensors3.png> <../PY/fig//ts_prevodova_sensors6.png> <../PY/fig//ts_prevodova_sensors9.png>] [15 <../PY/fig//ts_static_sensors3.png> <../PY/fig//ts_static_sensors6.png> <../PY/fig//ts_static_sensors9.png>]
<../PY/fig//ts_pb_vent6_spir4_ident_raw.png, id=481, 560.3334pt x 227.53004pt>
File: ../PY/fig//ts_pb_vent6_spir4_ident_raw.png Graphic file (type png)
<use ../PY/fig//ts_pb_vent6_spir4_ident_raw.png>
Package pdftex.def Info: ../PY/fig//ts_pb_vent6_spir4_ident_raw.png  used on input line 291.
(pdftex.def)             Requested size: 560.33203pt x 227.52948pt.
<../PY/fig//ts_pb_vent6_spir4_ident_raw_normalized.png, id=484, 560.3334pt x 284.5029pt>
File: ../PY/fig//ts_pb_vent6_spir4_ident_raw_normalized.png Graphic file (type png)
<use ../PY/fig//ts_pb_vent6_spir4_ident_raw_normalized.png>
Package pdftex.def Info: ../PY/fig//ts_pb_vent6_spir4_ident_raw_normalized.png  used on input line 358.
(pdftex.def)             Requested size: 554.82875pt x 281.71516pt.
 [16

 <../PY/fig//ts_pb_vent6_spir4_ident_raw.png>]
<../PY/fig//ts_pb_vent6_spir4_ident_avg.png, id=516, 560.3334pt x 199.10385pt>
File: ../PY/fig//ts_pb_vent6_spir4_ident_avg.png Graphic file (type png)
<use ../PY/fig//ts_pb_vent6_spir4_ident_avg.png>
Package pdftex.def Info: ../PY/fig//ts_pb_vent6_spir4_ident_avg.png  used on input line 415.
(pdftex.def)             Requested size: 554.82875pt x 197.1529pt.
 [17 <../PY/fig//ts_pb_vent6_spir4_ident_raw_normalized.png>]
LaTeX Font Info:    Trying to load font information for T1+clm2t on input line 471.
 (c:/texlive/2022/texmf-dist/tex/latex/cfr-lm/t1clm2t.fd
File: t1clm2t.fd 2010/05/25 Fontinst v1.933 font definitions for T1/clm2t.
)
Package microtype Info: Loading generic protrusion settings for font family
(microtype)             `clm2t' (encoding: T1).
(microtype)             For optimal results, create family-specific settings.
(microtype)             See the microtype manual for details.
 [18 <../PY/fig//ts_pb_vent6_spir4_ident_avg.png>] [19]
<../PY/fig//ts_pb_vent6_spir4_ident_comparison.png, id=617, 560.3334pt x 170.67764pt>
File: ../PY/fig//ts_pb_vent6_spir4_ident_comparison.png Graphic file (type png)
<use ../PY/fig//ts_pb_vent6_spir4_ident_comparison.png>
Package pdftex.def Info: ../PY/fig//ts_pb_vent6_spir4_ident_comparison.png  used on input line 572.
(pdftex.def)             Requested size: 560.33203pt x 170.6772pt.
 [20 <../PY/fig//ts_pb_vent6_spir4_ident_comparison.png>]
<../PY/fig//ts_pb_vent6_spir4_ident_approximated_comparison.png, id=633, 560.3334pt x 170.67764pt>
File: ../PY/fig//ts_pb_vent6_spir4_ident_approximated_comparison.png Graphic file (type png)
<use ../PY/fig//ts_pb_vent6_spir4_ident_approximated_comparison.png>
Package pdftex.def Info: ../PY/fig//ts_pb_vent6_spir4_ident_approximated_comparison.png  used on input line 678.
(pdftex.def)             Requested size: 560.33203pt x 170.6772pt.
 [21 <../PY/fig//ts_pb_vent6_spir4_ident_approximated_comparison.png>]
<../SCH/SIMULINK/TS01_start.pdf, id=647, 845.1575pt x 597.23125pt>
File: ../SCH/SIMULINK/TS01_start.pdf Graphic file (type pdf)
<use ../SCH/SIMULINK/TS01_start.pdf>
Package pdftex.def Info: ../SCH/SIMULINK/TS01_start.pdf  used on input line 744.
(pdftex.def)             Requested size: 517.8379pt x 157.29224pt.
 [22 <../SCH/SIMULINK/TS01_start.pdf>]
<../SCH/SIMULINK/TS_simulink_scheme.pdf, id=669, 794.97pt x 614.295pt>
File: ../SCH/SIMULINK/TS_simulink_scheme.pdf Graphic file (type pdf)
<use ../SCH/SIMULINK/TS_simulink_scheme.pdf>
Package pdftex.def Info: ../SCH/SIMULINK/TS_simulink_scheme.pdf  used on input line 797.
(pdftex.def)             Requested size: 480.8527pt x 172.2031pt.
 [23 <../SCH/SIMULINK/TS_simulink_scheme.pdf>]
<../SCH/DRAW/ARDUINO_connect_scheme.pdf, id=691, 369.88583pt x 156.49016pt>
File: ../SCH/DRAW/ARDUINO_connect_scheme.pdf Graphic file (type pdf)
<use ../SCH/DRAW/ARDUINO_connect_scheme.pdf>
Package pdftex.def Info: ../SCH/DRAW/ARDUINO_connect_scheme.pdf  used on input line 888.
(pdftex.def)             Requested size: 369.88583pt x 156.49214pt.
 [24 <../SCH/DRAW/ARDUINO_connect_scheme.pdf>]
Overfull \hbox (5.22702pt too wide) in alignment at lines 966--975
[] [] 
 []


Overfull \hbox (6.587pt too wide) in alignment at lines 982--991
[] [] 
 []

[25] [26] (c:/texlive/2022/texmf-dist/tex/latex/listings/lstlang1.sty
File: lstlang1.sty 2020/03/24 1.8d listings language file
) (c:/texlive/2022/texmf-dist/tex/latex/listings/lstlang1.sty
File: lstlang1.sty 2020/03/24 1.8d listings language file
) (c:/texlive/2022/texmf-dist/tex/latex/listings/lstmisc.sty
File: lstmisc.sty 2020/03/24 1.8d (Carsten Heinz)
) [27]
LaTeX Font Info:    Trying to load font information for TS1+clm2 on input line 1193.
 (c:/texlive/2022/texmf-dist/tex/latex/cfr-lm/ts1clm2.fd
File: ts1clm2.fd 2015/02/01 Fontinst v1.928 font definitions for TS1/clm2.
) [28] (c:/texlive/2022/texmf-dist/tex/latex/listings/lstlang1.sty
File: lstlang1.sty 2020/03/24 1.8d listings language file
)
<../SCH/TIA/tia_service_scheme.png, id=771, 470.50781pt x 626.34pt>
File: ../SCH/TIA/tia_service_scheme.png Graphic file (type png)
<use ../SCH/TIA/tia_service_scheme.png>
Package pdftex.def Info: ../SCH/TIA/tia_service_scheme.png  used on input line 1331.
(pdftex.def)             Requested size: 351.39041pt x 467.7755pt.
 [29] [30 <../SCH/TIA/tia_service_scheme.png>] [31]) (./chapters/section3.tex
<../SCH/DRAW/PI_scheme_draw.pdf, id=825, 369.88583pt x 125.19212pt>
File: ../SCH/DRAW/PI_scheme_draw.pdf Graphic file (type pdf)
<use ../SCH/DRAW/PI_scheme_draw.pdf>
Package pdftex.def Info: ../SCH/DRAW/PI_scheme_draw.pdf  used on input line 47.
(pdftex.def)             Requested size: 369.88492pt x 125.1918pt.
 [32

 <../SCH/DRAW/PI_scheme_draw.pdf>] [33]
<../PY/fig//ts_pb_vent6_spir4_pidtune_sim.png, id=876, 560.3334pt x 270.2898pt>
File: ../PY/fig//ts_pb_vent6_spir4_pidtune_sim.png Graphic file (type png)
<use ../PY/fig//ts_pb_vent6_spir4_pidtune_sim.png>
Package pdftex.def Info: ../PY/fig//ts_pb_vent6_spir4_pidtune_sim.png  used on input line 185.
(pdftex.def)             Requested size: 560.33203pt x 270.28914pt.
 [34 <../PY/fig//ts_pb_vent6_spir4_pidtune_sim.png>]
Package microtype Info: Character `texttrademark ' is missing
(microtype)             in font `TS1/lmtt/m/it/8.5'.
(microtype)             Ignoring protrusion settings for this character.
 [35]
<../SCH/SIMULINK/TS_pi_scheme.pdf, id=923, 845.1575pt x 597.23125pt>
File: ../SCH/SIMULINK/TS_pi_scheme.pdf Graphic file (type pdf)
<use ../SCH/SIMULINK/TS_pi_scheme.pdf>
Package pdftex.def Info: ../SCH/SIMULINK/TS_pi_scheme.pdf  used on input line 359.
(pdftex.def)             Requested size: 536.33333pt x 246.45427pt.
 [36 <../SCH/SIMULINK/TS_pi_scheme.pdf>]
<../PY/fig//ts_pb_vent6_spir4_PI_real.png, id=1012, 560.3334pt x 270.2898pt>
File: ../PY/fig//ts_pb_vent6_spir4_PI_real.png Graphic file (type png)
<use ../PY/fig//ts_pb_vent6_spir4_PI_real.png>
Package pdftex.def Info: ../PY/fig//ts_pb_vent6_spir4_PI_real.png  used on input line 383.
(pdftex.def)             Requested size: 560.33203pt x 270.28914pt.
 [37 <../PY/fig//ts_pb_vent6_spir4_PI_real.png>]
<../PY/fig//ts_pb_vent6_pbTopb_real_badToShow.png, id=1023, 560.3334pt x 270.2898pt>
File: ../PY/fig//ts_pb_vent6_pbTopb_real_badToShow.png Graphic file (type png)
<use ../PY/fig//ts_pb_vent6_pbTopb_real_badToShow.png>
Package pdftex.def Info: ../PY/fig//ts_pb_vent6_pbTopb_real_badToShow.png  used on input line 427.
(pdftex.def)             Requested size: 560.33203pt x 270.28914pt.
 [38 <../PY/fig//ts_pb_vent6_pbTopb_real_badToShow.png>]
<../PY/fig//ts_cpp_pi_real.png, id=1034, 560.3334pt x 270.2898pt>
File: ../PY/fig//ts_cpp_pi_real.png Graphic file (type png)
<use ../PY/fig//ts_cpp_pi_real.png>
Package pdftex.def Info: ../PY/fig//ts_cpp_pi_real.png  used on input line 522.
(pdftex.def)             Requested size: 560.33203pt x 270.28914pt.
 [39] [40 <../PY/fig//ts_cpp_pi_real.png>]
<../PY/fig//ts_plc_pi_real.png, id=1082, 560.3334pt x 270.2898pt>
File: ../PY/fig//ts_plc_pi_real.png Graphic file (type png)
<use ../PY/fig//ts_plc_pi_real.png>
Package pdftex.def Info: ../PY/fig//ts_plc_pi_real.png  used on input line 632.
(pdftex.def)             Requested size: 560.33203pt x 270.28914pt.
<../SCH/TIA/tia_pi_scheme.png, id=1083, 844.65562pt x 455.45157pt>
File: ../SCH/TIA/tia_pi_scheme.png Graphic file (type png)
<use ../SCH/TIA/tia_pi_scheme.png>
Package pdftex.def Info: ../SCH/TIA/tia_pi_scheme.png  used on input line 650.
(pdftex.def)             Requested size: 425.36644pt x 229.36533pt.
 [41] [42 <../PY/fig//ts_plc_pi_real.png> <../SCH/TIA/tia_pi_scheme.png>]
<../PY/fig//ts_pi_real_comparison.png, id=1122, 560.3334pt x 227.4096pt>
File: ../PY/fig//ts_pi_real_comparison.png Graphic file (type png)
<use ../PY/fig//ts_pi_real_comparison.png>
Package pdftex.def Info: ../PY/fig//ts_pi_real_comparison.png  used on input line 714.
(pdftex.def)             Requested size: 560.33203pt x 227.40904pt.
 [43 <../PY/fig//ts_pi_real_comparison.png>]) (./chapters/section4.tex [44

]
<../SCH/DRAW/PREP_logic.pdf, id=1144, 369.88583pt x 156.49016pt>
File: ../SCH/DRAW/PREP_logic.pdf Graphic file (type pdf)
<use ../SCH/DRAW/PREP_logic.pdf>
Package pdftex.def Info: ../SCH/DRAW/PREP_logic.pdf  used on input line 131.
(pdftex.def)             Requested size: 369.88492pt x 156.48976pt.
 [45 <../SCH/DRAW/PREP_logic.pdf>] [46] [47] [48] [49] [50] [51] [52]
<../SCH/SIMULINK/TS_prep_simulink_scheme.pdf, id=1513, 845.1575pt x 597.23125pt>
File: ../SCH/SIMULINK/TS_prep_simulink_scheme.pdf Graphic file (type pdf)
<use ../SCH/SIMULINK/TS_prep_simulink_scheme.pdf>
Package pdftex.def Info: ../SCH/SIMULINK/TS_prep_simulink_scheme.pdf  used on input line 850.
(pdftex.def)             Requested size: 388.38124pt x 488.056pt.
 [53 <../SCH/SIMULINK/TS_prep_simulink_scheme.pdf>]
<../PY/fig//ts_ml_prep_simulation.png, id=1573, 560.3334pt x 625.8582pt>
File: ../PY/fig//ts_ml_prep_simulation.png Graphic file (type png)
<use ../PY/fig//ts_ml_prep_simulation.png>
Package pdftex.def Info: ../PY/fig//ts_ml_prep_simulation.png  used on input line 923.
(pdftex.def)             Requested size: 560.33203pt x 625.85666pt.
<../PY/fig//ts_ml_prep_real.png, id=1575, 560.3334pt x 625.8582pt>
File: ../PY/fig//ts_ml_prep_real.png Graphic file (type png)
<use ../PY/fig//ts_ml_prep_real.png>
Package pdftex.def Info: ../PY/fig//ts_ml_prep_real.png  used on input line 948.
(pdftex.def)             Requested size: 560.33203pt x 625.85666pt.
<../PY/fig//ts_ml_prep_real_zoom.png, id=1577, 560.3334pt x 341.3553pt>
File: ../PY/fig//ts_ml_prep_real_zoom.png Graphic file (type png)
<use ../PY/fig//ts_ml_prep_real_zoom.png>
Package pdftex.def Info: ../PY/fig//ts_ml_prep_real_zoom.png  used on input line 988.
(pdftex.def)             Requested size: 560.33203pt x 341.35445pt.
 [54] [55 <../PY/fig//ts_ml_prep_simulation.png>] [56 <../PY/fig//ts_ml_prep_real.png>] [57 <../PY/fig//ts_ml_prep_real_zoom.png>] [58] [59] [60]
<../PY/fig//ts_cpp_prep_real.png, id=1830, 560.3334pt x 625.8582pt>
File: ../PY/fig//ts_cpp_prep_real.png Graphic file (type png)
<use ../PY/fig//ts_cpp_prep_real.png>
Package pdftex.def Info: ../PY/fig//ts_cpp_prep_real.png  used on input line 1411.
(pdftex.def)             Requested size: 560.33203pt x 625.85666pt.
<../PY/fig//ts_cpp_prep_real_zoom.png, id=1833, 560.3334pt x 341.3553pt>
File: ../PY/fig//ts_cpp_prep_real_zoom.png Graphic file (type png)
<use ../PY/fig//ts_cpp_prep_real_zoom.png>
Package pdftex.def Info: ../PY/fig//ts_cpp_prep_real_zoom.png  used on input line 1438.
(pdftex.def)             Requested size: 560.33203pt x 341.35445pt.
 [61] [62 <../PY/fig//ts_cpp_prep_real.png>] [63 <../PY/fig//ts_cpp_prep_real_zoom.png>] [64] [65]
<../SCH/TIA/tia_prep_scheme.png, id=2043, 1297.84875pt x 472.01344pt>
File: ../SCH/TIA/tia_prep_scheme.png Graphic file (type png)
<use ../SCH/TIA/tia_prep_scheme.png>
Package pdftex.def Info: ../SCH/TIA/tia_prep_scheme.png  used on input line 1671.
(pdftex.def)             Requested size: 480.8527pt x 174.87991pt.
<../PY/fig//ts_plc_prep_real.png, id=2045, 560.3334pt x 625.8582pt>
File: ../PY/fig//ts_plc_prep_real.png Graphic file (type png)
<use ../PY/fig//ts_plc_prep_real.png>
Package pdftex.def Info: ../PY/fig//ts_plc_prep_real.png  used on input line 1769.
(pdftex.def)             Requested size: 573.32416pt x 640.38191pt.
<../PY/fig//ts_plc_prep_real_zoom.png, id=2046, 560.3334pt x 341.3553pt>
File: ../PY/fig//ts_plc_prep_real_zoom.png Graphic file (type png)
<use ../PY/fig//ts_plc_prep_real_zoom.png>
Package pdftex.def Info: ../PY/fig//ts_plc_prep_real_zoom.png  used on input line 1781.
(pdftex.def)             Requested size: 560.33203pt x 341.35445pt.
<../PY/fig//ts_prep_real_comparison.png, id=2047, 560.3334pt x 284.5029pt>
File: ../PY/fig//ts_prep_real_comparison.png Graphic file (type png)
<use ../PY/fig//ts_prep_real_comparison.png>
Package pdftex.def Info: ../PY/fig//ts_prep_real_comparison.png  used on input line 1793.
(pdftex.def)             Requested size: 560.33203pt x 284.5022pt.
 [66 <../SCH/TIA/tia_prep_scheme.png>] [67] [68 <../PY/fig//ts_plc_prep_real.png>] [69 <../PY/fig//ts_plc_prep_real_zoom.png>] [70 <../PY/fig//ts_prep_real_comparison.png>]) (./chapters/section5.tex [71

] [72] [73] [74] [75] [76] [77]
<../SCH/SIMULINK/TS_mrac_simulink_scheme.pdf, id=2308, 845.1575pt x 597.23125pt>
File: ../SCH/SIMULINK/TS_mrac_simulink_scheme.pdf Graphic file (type pdf)
<use ../SCH/SIMULINK/TS_mrac_simulink_scheme.pdf>
Package pdftex.def Info: ../SCH/SIMULINK/TS_mrac_simulink_scheme.pdf  used on input line 961.
(pdftex.def)             Requested size: 628.80478pt x 348.0618pt.
 [78] [79 <../SCH/SIMULINK/TS_mrac_simulink_scheme.pdf>] [80]
<../PY/fig//ts_ml_mrac_real_raw.png, id=2531, 560.3334pt x 398.32816pt>
File: ../PY/fig//ts_ml_mrac_real_raw.png Graphic file (type png)
<use ../PY/fig//ts_ml_mrac_real_raw.png>
Package pdftex.def Info: ../PY/fig//ts_ml_mrac_real_raw.png  used on input line 1129.
(pdftex.def)             Requested size: 560.33203pt x 398.32718pt.
 [81 <../PY/fig//ts_ml_mrac_real_raw.png>]
<../PY/fig//ts_ml_mrac_real.png, id=2560, 560.3334pt x 398.32816pt>
File: ../PY/fig//ts_ml_mrac_real.png Graphic file (type png)
<use ../PY/fig//ts_ml_mrac_real.png>
Package pdftex.def Info: ../PY/fig//ts_ml_mrac_real.png  used on input line 1160.
(pdftex.def)             Requested size: 560.33203pt x 398.32718pt.
 [82 <../PY/fig//ts_ml_mrac_real.png>] [83] [84] [85] [86]
<../PY/fig//ts_cpp_mrac_real_raw.png, id=2830, 560.3334pt x 398.32816pt>
File: ../PY/fig//ts_cpp_mrac_real_raw.png Graphic file (type png)
<use ../PY/fig//ts_cpp_mrac_real_raw.png>
Package pdftex.def Info: ../PY/fig//ts_cpp_mrac_real_raw.png  used on input line 1599.
(pdftex.def)             Requested size: 560.33203pt x 398.32718pt.
 [87]
<../PY/fig//ts_cpp_mrac_real.png, id=2884, 560.3334pt x 398.32816pt>
File: ../PY/fig//ts_cpp_mrac_real.png Graphic file (type png)
<use ../PY/fig//ts_cpp_mrac_real.png>
Package pdftex.def Info: ../PY/fig//ts_cpp_mrac_real.png  used on input line 1624.
(pdftex.def)             Requested size: 560.33203pt x 398.32718pt.
 [88 <../PY/fig//ts_cpp_mrac_real_raw.png>] [89 <../PY/fig//ts_cpp_mrac_real.png>] [90] [91]
<../PY/fig//ts_cpp_mrac_experemental.png, id=2985, 560.3334pt x 398.32816pt>
File: ../PY/fig//ts_cpp_mrac_experemental.png Graphic file (type png)
<use ../PY/fig//ts_cpp_mrac_experemental.png>
Package pdftex.def Info: ../PY/fig//ts_cpp_mrac_experemental.png  used on input line 1881.
(pdftex.def)             Requested size: 560.33203pt x 398.32718pt.
 [92 <../PY/fig//ts_cpp_mrac_experemental.png>] [93] [94]
<../SCH/TIA/tia_mrac_scheme.png, id=3132, 992.20688pt x 401.24907pt>
File: ../SCH/TIA/tia_mrac_scheme.png Graphic file (type png)
<use ../SCH/TIA/tia_mrac_scheme.png>
Package pdftex.def Info: ../SCH/TIA/tia_mrac_scheme.png  used on input line 2106.
(pdftex.def)             Requested size: 499.34813pt x 201.93427pt.
 [95 <../SCH/TIA/tia_mrac_scheme.png>]

Package caption Warning: The option `hypcap=true' will be ignored for this
(caption)                particular \caption on input line 2117.
See the caption package documentation for explanation.

LaTeX Font Info:    Font shape `T1/clm2/b/n' in size <9> not available
(Font)              Font shape `T1/clm2/bx/n' tried instead on input line 2128.
[96

]
<../PY/fig//ts_plc_mrac_real_raw.png, id=3185, 560.3334pt x 398.32816pt>
File: ../PY/fig//ts_plc_mrac_real_raw.png Graphic file (type png)
<use ../PY/fig//ts_plc_mrac_real_raw.png>
Package pdftex.def Info: ../PY/fig//ts_plc_mrac_real_raw.png  used on input line 2267.
(pdftex.def)             Requested size: 560.33203pt x 398.32718pt.
 [97]
<../PY/fig//ts_plc_mrac_real.png, id=3200, 560.3334pt x 398.32816pt>
File: ../PY/fig//ts_plc_mrac_real.png Graphic file (type png)
<use ../PY/fig//ts_plc_mrac_real.png>
Package pdftex.def Info: ../PY/fig//ts_plc_mrac_real.png  used on input line 2319.
(pdftex.def)             Requested size: 560.33203pt x 398.32718pt.


Package caption Warning: The option `hypcap=true' will be ignored for this
(caption)                particular \caption on input line 2323.
See the caption package documentation for explanation.

[98 <../PY/fig//ts_plc_mrac_real_raw.png>]
<../PY/fig//ts_mrac_real_comparison.png, id=3206, 560.3334pt x 270.2898pt>
File: ../PY/fig//ts_mrac_real_comparison.png Graphic file (type png)
<use ../PY/fig//ts_mrac_real_comparison.png>
Package pdftex.def Info: ../PY/fig//ts_mrac_real_comparison.png  used on input line 2340.
(pdftex.def)             Requested size: 554.82875pt x 267.64134pt.


Package caption Warning: The option `hypcap=true' will be ignored for this
(caption)                particular \caption on input line 2344.
See the caption package documentation for explanation.

[99 <../PY/fig//ts_plc_mrac_real.png> <../PY/fig//ts_mrac_real_comparison.png>]) (./chapters/zaver.tex) [100

] (./chapters/literatura.tex
Underfull \hbox (badness 4686) in paragraph at lines 24--27
[]\T1/clm2/m/n/10 (+20) L. Wang, \T1/clm2/m/it/10 (+20) PID Con-trol Sys-tem De-sign and Au-to-ma-tic Tu-ning using
 []


Underfull \hbox (badness 1817) in paragraph at lines 66--71
\T1/clm2/m/n/10 (+20) line: []$\T1/clm2t/m/n/10 https : / / support . industry . siemens . com / cs / document / 109972011 / s7 -[]
 []

) [101

] (./chapters/prilohy.tex [102] [103] [104] (c:/texlive/2022/texmf-dist/tex/latex/listings/lstlang1.sty
File: lstlang1.sty 2020/03/24 1.8d listings language file
) [105]) 
AED: lastpage setting LastPage
[106] (./DP.aux)
Package rerunfilecheck Info: File `DP.out' has not changed.
(rerunfilecheck)             Checksum: F05A146EB906AFC85D527CBC228491F5;14533.
 ) 
Here is how much of TeX's memory you used:
 26364 strings out of 475075
 412828 string characters out of 5783002
 1381215 words of memory out of 5000000
 44373 multiletter control sequences out of 15000+600000
 590126 words of font info for 369 fonts, out of 8000000 for 9000
 1141 hyphenation exceptions out of 8191
 77i,12n,120p,1024b,2688s stack positions out of 10000i,1000n,20000p,200000b,200000s
{c:/texlive/2022/texmf-dist/fonts/enc/dvips/cfr-lm/dotdigits-clm.enc}{c:/texlive/2022/texmf-dist/fonts/enc/dvips/cfr-lm/t1-clm.enc}{c:/texlive/2022/texmf-dist/fonts/enc/dvips/lm/lm-ts1.enc}{c:/texlive/2022/texmf-dist/fonts/enc/dvips/lm/lm-rm.enc}{c:/texlive/2022/texmf-dist/fonts/enc/dvips/lm/lm-mathsy.enc}{c:/texlive/2022/texmf-dist/fonts/enc/dvips/lm/lm-ec.enc}{c:/texlive/2022/texmf-dist/fonts/enc/dvips/lm/lm-mathex.enc}{c:/texlive/2022/texmf-dist/fonts/enc/dvips/lm/lm-mathit.enc}<c:/texlive/2022/texmf-dist/fonts/type1/public/lm/lmbx10.pfb><c:/texlive/2022/texmf-dist/fonts/type1/public/lm/lmbx9.pfb><c:/texlive/2022/texmf-dist/fonts/type1/public/lm/lmcsc10.pfb><c:/texlive/2022/texmf-dist/fonts/type1/public/lm/lmex10.pfb><c:/texlive/2022/texmf-dist/fonts/type1/public/lm/lmmi10.pfb><c:/texlive/2022/texmf-dist/fonts/type1/public/lm/lmmi7.pfb><c:/texlive/2022/texmf-dist/fonts/type1/public/lm/lmr10.pfb><c:/texlive/2022/texmf-dist/fonts/type1/public/lm/lmr12.pfb><c:/texlive/2022/texmf-dist/fonts/type1/public/lm/lmr7.pfb><c:/texlive/2022/texmf-dist/fonts/type1/public/lm/lmr9.pfb><c:/texlive/2022/texmf-dist/fonts/type1/public/lm/lmri10.pfb><c:/texlive/2022/texmf-dist/fonts/type1/public/lm/lmssbx10.pfb><c:/texlive/2022/texmf-dist/fonts/type1/public/lm/lmsy10.pfb><c:/texlive/2022/texmf-dist/fonts/type1/public/lm/lmsy7.pfb><c:/texlive/2022/texmf-dist/fonts/type1/public/lm/lmtk10.pfb><c:/texlive/2022/texmf-dist/fonts/type1/public/lm/lmtt10.pfb><c:/texlive/2022/texmf-dist/fonts/type1/public/lm/lmtt9.pfb><c:/texlive/2022/texmf-dist/fonts/type1/public/lm/lmtti10.pfb>
Output written on DP.pdf (106 pages, 15155187 bytes).
PDF statistics:
 4211 PDF objects out of 4296 (max. 8388607)
 3875 compressed objects within 39 object streams
 2506 named destinations out of 2984 (max. 500000)
 103636 words of extra memory for PDF output out of 106986 (max. 10000000)

