\BOOKMARK [1][-]{Doc-Start}{\376\377\000\332\000v\000o\000d}{}% 1
\BOOKMARK [1][-]{section.1}{\376\377\000P\000o\000d\000s\000t\000a\000t\000a\000\040\000n\000\341\000v\000r\000h\000u\000\040\000i\000m\000p\000l\000e\000m\000e\000n\000t\000\341\000c\000i\000e\000\040\000a\000l\000g\000o\000r\000i\000t\000m\000u\000\040\000r\000i\000a\000d\000e\000n\000i\000a}{}% 2
\BOOKMARK [2][-]{subsection.1.1}{\376\377\000A\000n\000a\000l\000y\000t\000i\000c\000k\000\351\000\040\000s\000p\000r\000a\000c\000o\000v\000a\000n\000i\000e\000\040\000r\000i\000a\000d\000i\000a\000c\000e\000h\000o\000\040\000s\000y\000s\000t\000\351\000m\000u}{section.1}% 3
\BOOKMARK [2][-]{subsection.1.2}{\376\377\000Z\000\341\000k\000o\000n\000\040\000r\000i\000a\000d\000e\000n\000i\000a\000\040\000p\000r\000e\000\040\000i\000m\000p\000l\000e\000m\000e\000n\000t\000\341\000c\000i\000u}{section.1}% 4
\BOOKMARK [3][-]{subsubsection.1.2.1}{\376\377\000P\000s\000e\000u\000d\000o\000k\000\363\000d\000\040\000i\000m\000p\000l\000e\000m\000e\000n\000t\000\341\000c\000i\000e\000\040\000z\000\341\000k\000o\000n\000a\000\040\000r\000i\000a\000d\000e\000n\000i\000a}{subsection.1.2}% 5
\BOOKMARK [1][-]{section.2}{\376\377\000R\000i\000a\000d\000e\000n\000\375\000\040\000s\000y\000s\000t\000\351\000m}{}% 6
\BOOKMARK [2][-]{subsection.2.1}{\376\377\000O\000p\000i\000s\000\040\000r\000i\000a\000d\000e\000n\000\351\000h\000o\000\040\000s\000y\000s\000t\000\351\000m\000u}{section.2}% 7
\BOOKMARK [3][-]{subsubsection.2.1.1}{\376\377\000T\000e\000c\000h\000n\000i\000c\000k\000\375\000\040\000o\000p\000i\000s\000\040\000k\000o\000m\000p\000o\000n\000e\000n\000t\000o\000v}{subsection.2.1}% 8
\BOOKMARK [3][-]{subsubsection.2.1.2}{\376\377\000S\000t\000a\000t\000i\000c\000k\000\351\000\040\000v\000l\000a\000s\000t\000n\000o\000s\000t\000i}{subsection.2.1}% 9
\BOOKMARK [2][-]{subsection.2.2}{\376\377\000I\000d\000e\000n\000t\000i\000f\000i\000k\000\341\000c\000i\000a\000\040\000m\000o\000d\000e\000l\000u\000\040\000d\000y\000n\000a\000m\000i\000c\000k\000\351\000h\000o\000\040\000s\000y\000s\000t\000\351\000m\000u}{section.2}% 10
\BOOKMARK [3][-]{subsubsection.2.2.1}{\376\377\000M\000e\000r\000a\000n\000i\000e\000\040\000a\000\040\000s\000p\000r\000a\000c\000o\000v\000a\000n\000i\000e\000\040\000d\000\341\000t}{subsection.2.2}% 11
\BOOKMARK [3][-]{subsubsection.2.2.2}{\376\377\000I\000d\000e\000n\000t\000i\000f\000i\000k\000\341\000c\000i\000a\000\040\000v\000\040\000z\000m\000y\000s\000l\000e\000\040\000m\000e\000t\000\363\000d\000y\000\040\000n\000a\000j\000m\000e\000n\001\141\000\355\000c\000h\000\040\001\141\000t\000v\000o\000r\000c\000o\000v}{subsection.2.2}% 12
\BOOKMARK [3][-]{subsubsection.2.2.3}{\376\377\000I\000d\000e\000n\000t\000i\000f\000i\000k\000\341\000c\000i\000a\000\040\000p\000o\000m\000o\000c\000o\000u\000\040\000o\000p\000t\000i\000m\000a\000l\000i\000z\000\341\000c\000i\000e\000\040\000p\000a\000r\000a\000m\000e\000t\000r\000o\000v\000\040\000s\000i\000m\000u\000l\000o\000v\000a\000n\000\351\000h\000o\000\040\000d\000y\000n\000a\000m\000i\000c\000k\000\351\000h\000o\000\040\000s\000y\000s\000t\000\351\000m\000u}{subsection.2.2}% 13
\BOOKMARK [3][-]{subsubsection.2.2.4}{\376\377\000V\000\375\000s\000l\000e\000d\000k\000y\000\040\000i\000d\000e\000n\000t\000i\000f\000i\000k\000\341\000c\000i\000e}{subsection.2.2}% 14
\BOOKMARK [3][-]{subsubsection.2.2.5}{\376\377\000R\000e\000d\000u\000k\000c\000i\000a\000\040\000a\000\040\000z\000j\000e\000d\000n\000o\000d\000u\001\141\000e\000n\000i\000e\000\040\000i\000d\000e\000n\000t\000i\000f\000i\000k\000o\000v\000a\000n\000\375\000c\000h\000\040\000m\000o\000d\000e\000l\000o\000v}{subsection.2.2}% 15
\BOOKMARK [2][-]{subsection.2.3}{\376\377\000K\000o\000m\000u\000n\000i\000k\000a\001\015\000n\000\351\000\040\000r\000o\000z\000h\000r\000a\000n\000i\000e\000\040\000r\000i\000a\000d\000e\000n\000\351\000h\000o\000\040\000s\000y\000s\000t\000\351\000m\000u}{section.2}% 16
\BOOKMARK [3][-]{subsubsection.2.3.1}{\376\377\000P\000\364\000v\000o\000d\000n\000\341\000\040\000k\000o\000m\000u\000n\000i\000k\000\341\000c\000i\000a\000\040\000v\000\040\000p\000r\000o\000s\000t\000r\000e\000d\000\355\000\040\000M\000A\000T\000L\000A\000B\000/\000S\000i\000m\000u\000l\000i\000n\000k}{subsection.2.3}% 17
\BOOKMARK [3][-]{subsubsection.2.3.2}{\376\377\000V\000l\000a\000s\000t\000n\000\341\000\040\000k\000o\000m\000u\000n\000i\000k\000\341\000c\000i\000a\000\040\000v\000\040\000j\000a\000z\000y\000k\000u\000\040\000C\000+\000+}{subsection.2.3}% 18
\BOOKMARK [3][-]{subsubsection.2.3.3}{\376\377\000K\000o\000m\000u\000n\000i\000k\000\341\000c\000i\000a\000\040\000s\000\040\000p\000r\000o\000g\000r\000a\000m\000o\000v\000a\000t\000e\001\076\000n\000\375\000m\000\040\000l\000o\000g\000i\000c\000k\000\375\000m\000\040\000a\000u\000t\000o\000m\000a\000t\000o\000m}{subsection.2.3}% 19
\BOOKMARK [1][-]{section.3}{\376\377\000P\000I\000\040\000r\000e\000g\000u\000l\000\341\000t\000o\000r\000\040\000p\000r\000e\000\040\000r\000i\000a\000d\000e\000n\000i\000e\000\040\000v\000\040\000o\000k\000o\000l\000\355\000\040\000j\000e\000d\000n\000\351\000h\000o\000\040\000p\000r\000a\000c\000o\000v\000n\000\351\000h\000o\000\040\000b\000o\000d\000u}{}% 20
\BOOKMARK [2][-]{subsection.3.1}{\376\377\000R\000o\000z\000b\000o\000r\000\040\000a\000l\000g\000o\000r\000i\000t\000m\000u\000\040\000r\000i\000a\000d\000e\000n\000i\000a}{section.3}% 21
\BOOKMARK [2][-]{subsection.3.2}{\376\377\000N\000a\000s\000t\000a\000v\000e\000n\000i\000e\000\040\000p\000a\000r\000a\000m\000e\000t\000r\000o\000v\000\040\000P\000I\000\040\000r\000e\000g\000u\000l\000\341\000t\000o\000r\000a}{section.3}% 22
\BOOKMARK [2][-]{subsection.3.3}{\376\377\000I\000m\000p\000l\000e\000m\000e\000n\000t\000\341\000c\000i\000a\000:\000\040\000M\000A\000T\000L\000A\000B\000/\000S\000i\000m\000u\000l\000i\000n\000k}{section.3}% 23
\BOOKMARK [3][-]{subsubsection.3.3.1}{\376\377\000O\000v\000e\000r\000e\000n\000i\000e\000\040\000n\000a\000\040\000r\000e\000\341\000l\000n\000o\000m\000\040\000s\000y\000s\000t\000\351\000m\000e}{subsection.3.3}% 24
\BOOKMARK [2][-]{subsection.3.4}{\376\377\000I\000m\000p\000l\000e\000m\000e\000n\000t\000\341\000c\000i\000a\000:\000\040\000m\000i\000k\000r\000o\000k\000o\000n\000t\000r\000o\000l\000\351\000r\000\040\000a\000\040\000j\000a\000z\000y\000k\000\040\000C\000+\000+}{section.3}% 25
\BOOKMARK [3][-]{subsubsection.3.4.1}{\376\377\000O\000v\000e\000r\000e\000n\000i\000e\000\040\000n\000a\000\040\000r\000e\000\341\000l\000n\000o\000m\000\040\000s\000y\000s\000t\000\351\000m\000e}{subsection.3.4}% 26
\BOOKMARK [2][-]{subsection.3.5}{\376\377\000I\000m\000p\000l\000e\000m\000e\000n\000t\000\341\000c\000i\000a\000:\000\040\000p\000r\000o\000g\000r\000a\000m\000o\000v\000a\000t\000e\001\076\000n\000\375\000\040\000l\000o\000g\000i\000c\000k\000\375\000\040\000a\000u\000t\000o\000m\000a\000t\000\040\000\050\000P\000L\000C\000\051}{section.3}% 27
\BOOKMARK [3][-]{subsubsection.3.5.1}{\376\377\000O\000v\000e\000r\000e\000n\000i\000e\000\040\000n\000a\000\040\000r\000e\000\341\000l\000n\000o\000m\000\040\000s\000y\000s\000t\000\351\000m\000e}{subsection.3.5}% 28
\BOOKMARK [2][-]{subsection.3.6}{\376\377\000P\000o\000r\000o\000v\000n\000a\000n\000i\000e\000\040\000v\000\375\000s\000l\000e\000d\000k\000o\000v\000\040\000z\000\040\000j\000e\000d\000n\000o\000t\000l\000i\000v\000\375\000c\000h\000\040\000i\000m\000p\000l\000e\000m\000e\000n\000t\000\341\000c\000i\000\355}{section.3}% 29
\BOOKMARK [1][-]{section.4}{\376\377\000R\000i\000a\000d\000i\000a\000c\000i\000\040\000s\000y\000s\000t\000\351\000m\000\040\000s\000\040\000p\000r\000e\000p\000\355\000n\000a\000n\000\355\000m\000\040\000p\000r\000e\000\040\000c\000e\000l\000\375\000\040\000r\000o\000z\000s\000a\000h\000\040\000v\000\375\000s\000t\000u\000p\000n\000e\000j\000\040\000v\000e\000l\000i\001\015\000i\000n\000y\000\040\000r\000i\000a\000d\000e\000n\000\351\000h\000o\000\040\000s\000y\000s\000t\000\351\000m\000u}{}% 30
\BOOKMARK [2][-]{subsection.4.1}{\376\377\000S\000y\000n\000t\000\351\000z\000a\000\040\000r\000i\000a\000d\000i\000a\000c\000e\000h\000o\000\040\000s\000y\000s\000t\000\351\000m\000u}{section.4}% 31
\BOOKMARK [3][-]{subsubsection.4.1.1}{\376\377\000G\000l\000o\000b\000\341\000l\000n\000a\000\040\000r\000e\000g\000u\000l\000\341\000c\000i\000a\000\040\000p\000o\000\040\000u\000r\001\015\000i\000t\000\375\000\040\001\015\000a\000s}{subsection.4.1}% 32
\BOOKMARK [3][-]{subsubsection.4.1.2}{\376\377\000P\000r\000e\000p\000\355\000n\000a\000n\000i\000e\000\040\000n\000a\000\040\000z\000\341\000k\000l\000a\000d\000e\000\040\000d\000e\000t\000e\000k\000c\000i\000e\000\040\000u\000s\000t\000\341\000l\000e\000n\000i\000a\000\040\000v\000\040\000o\000k\000o\000l\000\355\000\040\001\176\000e\000l\000a\000n\000\351\000h\000o\000\040\000p\000r\000a\000c\000o\000v\000n\000\351\000h\000o\000\040\000b\000o\000d\000u}{subsection.4.1}% 33
\BOOKMARK [2][-]{subsection.4.2}{\376\377\000R\000e\000a\000l\000i\000z\000\341\000c\000i\000a\000\040\000r\000i\000a\000d\000i\000a\000c\000e\000h\000o\000\040\000s\000y\000s\000t\000\351\000m\000u\000\040\000v\000\040\000p\000r\000o\000s\000t\000r\000e\000d\000\355\000\040\000M\000A\000T\000L\000A\000B\000/\000S\000i\000m\000u\000l\000i\000n\000k}{section.4}% 34
\BOOKMARK [3][-]{subsubsection.4.2.1}{\376\377\000S\000i\000m\000u\000l\000a\001\015\000n\000\351\000\040\000o\000v\000e\000r\000e\000n\000i\000e}{subsection.4.2}% 35
\BOOKMARK [3][-]{subsubsection.4.2.2}{\376\377\000O\000v\000e\000r\000e\000n\000i\000e\000\040\000n\000a\000\040\000r\000e\000\341\000l\000n\000o\000m\000\040\000s\000y\000s\000t\000\351\000m\000e}{subsection.4.2}% 36
\BOOKMARK [2][-]{subsection.4.3}{\376\377\000R\000e\000a\000l\000i\000z\000\341\000c\000i\000a\000\040\000r\000i\000a\000d\000i\000a\000c\000e\000h\000o\000\040\000s\000y\000s\000t\000\351\000m\000u\000\040\000v\000\040\000j\000a\000z\000y\000k\000u\000\040\000C\000+\000+\000\040\000p\000r\000e\000\040\000m\000i\000k\000r\000o\000k\000o\000n\000t\000r\000o\000l\000\351\000r}{section.4}% 37
\BOOKMARK [3][-]{subsubsection.4.3.1}{\376\377\000O\000v\000e\000r\000e\000n\000i\000e\000\040\000n\000a\000\040\000r\000e\000\341\000l\000n\000o\000m\000\040\000s\000y\000s\000t\000\351\000m\000e}{subsection.4.3}% 38
\BOOKMARK [2][-]{subsection.4.4}{\376\377\000I\000m\000p\000l\000e\000m\000e\000n\000t\000\341\000c\000i\000a\000\040\000p\000r\000e\000\040\000p\000r\000o\000g\000r\000a\000m\000o\000v\000a\000t\000e\001\076\000n\000\375\000\040\000l\000o\000g\000i\000c\000k\000\375\000\040\000k\000o\000n\000t\000r\000o\000l\000\351\000r\000\040\000\050\000P\000L\000C\000\051}{section.4}% 39
\BOOKMARK [3][-]{subsubsection.4.4.1}{\376\377\000O\000v\000e\000r\000e\000n\000i\000e\000\040\000n\000a\000\040\000r\000e\000\341\000l\000n\000o\000m\000\040\000s\000y\000s\000t\000\351\000m\000e}{subsection.4.4}% 40
\BOOKMARK [2][-]{subsection.4.5}{\376\377\000P\000o\000r\000o\000v\000n\000a\000n\000i\000e\000\040\000v\000\375\000s\000l\000e\000d\000k\000o\000v\000\040\000z\000\040\000j\000e\000d\000n\000o\000t\000l\000i\000v\000\375\000c\000h\000\040\000i\000m\000p\000l\000e\000m\000e\000n\000t\000\341\000c\000i\000\355}{section.4}% 41
\BOOKMARK [1][-]{section.5}{\376\377\000A\000d\000a\000p\000t\000\355\000v\000n\000e\000\040\000r\000i\000a\000d\000e\000n\000i\000e\000\040\000s\000\040\000r\000e\000f\000e\000r\000e\000n\001\015\000n\000\375\000m\000\040\000m\000o\000d\000e\000l\000o\000m}{}% 42
\BOOKMARK [2][-]{subsection.5.1}{\376\377\000R\000o\000z\000b\000o\000r\000\040\000a\000l\000g\000o\000r\000i\000t\000m\000u\000\040\000r\000i\000a\000d\000e\000n\000i\000a}{section.5}% 43
\BOOKMARK [3][-]{subsubsection.5.1.1}{\376\377\000P\000r\000e\000p\000i\000s\000\040\000v\000s\000t\000u\000p\000n\000o\000-\000v\000\375\000s\000t\000u\000p\000n\000\351\000h\000o\000\040\000o\000p\000i\000s\000u\000\040\000s\000y\000s\000t\000\351\000m\000u\000\040\000d\000o\000\040\000s\000t\000a\000v\000o\000v\000\351\000h\000o\000\040\000o\000p\000i\000s\000u}{subsection.5.1}% 44
\BOOKMARK [3][-]{subsubsection.5.1.2}{\376\377\000S\000t\000a\000v\000o\000v\000\375\000\040\000o\000p\000i\000s\000\040\000s\000\372\001\015\000a\000s\000t\000\355\000\040\000M\000R\000A\000C\000\040\000a\000l\000g\000o\000r\000i\000t\000m\000u}{subsection.5.1}% 45
\BOOKMARK [3][-]{subsubsection.5.1.3}{\376\377\000P\000s\000e\000u\000d\000o\000k\000\363\000d\000\040\000a\000d\000a\000p\000t\000\355\000v\000n\000e\000h\000o\000\040\000r\000i\000a\000d\000i\000a\000c\000e\000h\000o\000\040\000s\000y\000s\000t\000\351\000m\000u}{subsection.5.1}% 46
\BOOKMARK [2][-]{subsection.5.2}{\376\377\000I\000m\000p\000l\000e\000m\000e\000n\000t\000\341\000c\000i\000a\000:\000\040\000M\000A\000T\000L\000A\000B\000/\000S\000i\000m\000u\000l\000i\000n\000k}{section.5}% 47
\BOOKMARK [3][-]{subsubsection.5.2.1}{\376\377\000O\000v\000e\000r\000e\000n\000i\000e\000\040\000n\000a\000\040\000r\000e\000\341\000l\000n\000o\000m\000\040\000s\000y\000s\000t\000\351\000m\000e}{subsection.5.2}% 48
\BOOKMARK [2][-]{subsection.5.3}{\376\377\000I\000m\000p\000l\000e\000m\000e\000n\000t\000\341\000c\000i\000a\000:\000\040\000m\000i\000k\000r\000o\000k\000o\000n\000t\000r\000o\000l\000\351\000r\000\040\000a\000\040\000j\000a\000z\000y\000k\000\040\000C\000+\000+}{section.5}% 49
\BOOKMARK [3][-]{subsubsection.5.3.1}{\376\377\000O\000v\000e\000r\000e\000n\000i\000e\000\040\000n\000a\000\040\000r\000e\000\341\000l\000n\000o\000m\000\040\000s\000y\000s\000t\000\351\000m\000e}{subsection.5.3}% 50
\BOOKMARK [3][-]{subsubsection.5.3.2}{\376\377\000H\000e\000u\000r\000i\000s\000t\000i\000c\000k\000\341\000\040\000m\000o\000d\000i\000f\000i\000k\000\341\000c\000i\000a\000\040\000n\000a\000\040\000p\000o\000t\000l\000a\001\015\000e\000n\000i\000e\000\040\000d\000r\000i\000f\000t\000u\000\040\000a\000d\000a\000p\000t\000o\000v\000a\000n\000\375\000c\000h\000\040\000p\000a\000r\000a\000m\000e\000t\000r\000o\000v}{subsection.5.3}% 51
\BOOKMARK [2][-]{subsection.5.4}{\376\377\000I\000m\000p\000l\000e\000m\000e\000n\000t\000\341\000c\000i\000a\000:\000\040\000p\000r\000o\000g\000r\000a\000m\000o\000v\000a\000t\000e\001\076\000n\000\375\000\040\000l\000o\000g\000i\000c\000k\000\375\000\040\000a\000u\000t\000o\000m\000a\000t\000\040\000\050\000P\000L\000C\000\051}{section.5}% 52
\BOOKMARK [3][-]{subsubsection.5.4.1}{\376\377\000O\000v\000e\000r\000e\000n\000i\000e\000\040\000n\000a\000\040\000r\000e\000\341\000l\000n\000o\000m\000\040\000s\000y\000s\000t\000\351\000m\000e}{subsection.5.4}% 53
\BOOKMARK [2][-]{subsection.5.5}{\376\377\000P\000o\000r\000o\000v\000n\000a\000n\000i\000e\000\040\000v\000\375\000s\000l\000e\000d\000k\000o\000v\000\040\000z\000\040\000j\000e\000d\000n\000o\000t\000l\000i\000v\000\375\000c\000h\000\040\000i\000m\000p\000l\000e\000m\000e\000n\000t\000\341\000c\000i\000\355\000\040\000a\000d\000a\000p\000t\000\355\000v\000n\000e\000h\000o\000\040\000r\000i\000a\000d\000i\000a\000c\000e\000h\000o\000\040\000s\000y\000s\000t\000\351\000m\000u}{section.5}% 54
\BOOKMARK [1][-]{figure.48}{\376\377\000Z\000\341\000v\000e\000r}{}% 55
\BOOKMARK [1][-]{figure.48}{\376\377\000L\000i\000t\000e\000r\000a\000t\000\372\000r\000a}{}% 56
\BOOKMARK [1][-]{figure.48}{\376\377\000P\000r\000\355\000l\000o\000h\000y}{}% 57
\BOOKMARK [2][-]{subsection.16.1}{\376\377\000H\000l\000a\000v\000n\000\375\000\040\000p\000r\000o\000g\000r\000a\000m\000\040\000p\000r\000e\000\040\000m\000i\000k\000r\000o\000k\000o\000n\000t\000r\000o\000l\000\351\000r\000\040\000p\000l\000a\000t\000f\000o\000r\000m\000y\000\040\000A\000r\000d\000u\000i\000n\000o\000\040\000U\000N\000O}{figure.48}% 58
\BOOKMARK [2][-]{subsection.16.2}{\376\377\000E\000x\000t\000e\000r\000n\000\375\000\040\000s\000k\000r\000i\000p\000t\000\040\000p\000r\000e\000\040\000l\000o\000g\000o\000v\000a\000n\000i\000e\000\040\000d\000\341\000t}{figure.48}% 59
